0 info it worked if it ends with ok
1 verbose cli [ '/Users/Shawn/.nvm/versions/node/v5.11.0/bin/node',
1 verbose cli   '/Users/Shawn/.nvm/versions/node/v5.11.0/bin/npm',
1 verbose cli   'start' ]
2 info using npm@3.10.5
3 info using node@v5.11.0
4 verbose run-script [ 'prestart', 'start', 'poststart' ]
5 info lifecycle es6_starter@1.0.0~prestart: es6_starter@1.0.0
6 silly lifecycle es6_starter@1.0.0~prestart: no script for prestart, continuing
7 info lifecycle es6_starter@1.0.0~start: es6_starter@1.0.0
8 verbose lifecycle es6_starter@1.0.0~start: unsafe-perm in lifecycle true
9 verbose lifecycle es6_starter@1.0.0~start: PATH: /Users/Shawn/.nvm/versions/node/v5.11.0/lib/node_modules/npm/bin/node-gyp-bin:/Users/Shawn/Sites/apps/es6_starter/node_modules/.bin:/Users/Shawn/.nvm/versions/node/v5.11.0/bin:/usr/local/heroku/bin:/Users/Shawn/.rvm/gems/ruby-2.2.2/bin:/Users/Shawn/.rvm/gems/ruby-2.2.2@global/bin:/Users/Shawn/.rvm/rubies/ruby-2.2.2/bin:/Users/Shawn/.nvm/versions/node/v5.11.0/bin:/usr/local/bin:/usr/bin:/bin:/usr/sbin:/sbin:/Users/Shawn/.rvm/bin:/Users/Shawn/.bin:/Users/Shawn/z.sh:/www/composer/bin
10 verbose lifecycle es6_starter@1.0.0~start: CWD: /Users/Shawn/Sites/apps/es6_starter
11 silly lifecycle es6_starter@1.0.0~start: Args: [ '-c', 'npm-run-all --parallel gulp lint webpack' ]
12 silly lifecycle es6_starter@1.0.0~start: Returned: code: 1  signal: null
13 info lifecycle es6_starter@1.0.0~start: Failed to exec start script
14 verbose stack Error: es6_starter@1.0.0 start: `npm-run-all --parallel gulp lint webpack`
14 verbose stack Exit status 1
14 verbose stack     at EventEmitter.<anonymous> (/Users/Shawn/.nvm/versions/node/v5.11.0/lib/node_modules/npm/lib/utils/lifecycle.js:242:16)
14 verbose stack     at emitTwo (events.js:100:13)
14 verbose stack     at EventEmitter.emit (events.js:185:7)
14 verbose stack     at ChildProcess.<anonymous> (/Users/Shawn/.nvm/versions/node/v5.11.0/lib/node_modules/npm/lib/utils/spawn.js:40:14)
14 verbose stack     at emitTwo (events.js:100:13)
14 verbose stack     at ChildProcess.emit (events.js:185:7)
14 verbose stack     at maybeClose (internal/child_process.js:850:16)
14 verbose stack     at Process.ChildProcess._handle.onexit (internal/child_process.js:215:5)
15 verbose pkgid es6_starter@1.0.0
16 verbose cwd /Users/Shawn/Sites/apps/es6_starter
17 error Darwin 15.5.0
18 error argv "/Users/Shawn/.nvm/versions/node/v5.11.0/bin/node" "/Users/Shawn/.nvm/versions/node/v5.11.0/bin/npm" "start"
19 error node v5.11.0
20 error npm  v3.10.5
21 error code ELIFECYCLE
22 error es6_starter@1.0.0 start: `npm-run-all --parallel gulp lint webpack`
22 error Exit status 1
23 error Failed at the es6_starter@1.0.0 start script 'npm-run-all --parallel gulp lint webpack'.
23 error Make sure you have the latest version of node.js and npm installed.
23 error If you do, this is most likely a problem with the es6_starter package,
23 error not with npm itself.
23 error Tell the author that this fails on your system:
23 error     npm-run-all --parallel gulp lint webpack
23 error You can get information on how to open an issue for this project with:
23 error     npm bugs es6_starter
23 error Or if that isn't available, you can get their info via:
23 error     npm owner ls es6_starter
23 error There is likely additional logging output above.
24 verbose exit [ 1, true ]
